-------------------------------------------------------------------------------
Test set: com.mycompany.app.AppTest
-------------------------------------------------------------------------------
Tests run: 1, Failures: 1, Errors: 0, Skipped: 0, Time elapsed: 0.114 s <<< FAILURE! - in com.mycompany.app.AppTest
shouldAnswerWithTrue(com.mycompany.app.AppTest)  Time elapsed: 0.01 s  <<< FAILURE!
java.lang.AssertionError
	at com.mycompany.app.AppTest.shouldAnswerWithTrue(AppTest.java:27)

